生成启动时间为 2017/6/12 13:17:48。
     1>项目“E:\CS\Visual Studio\数据库实验四\数据库实验四\数据库实验四.vcxproj”在节点 2 上(Build 个目标)。
     1>ClCompile:
         E:\CS\2010\VC\bin\CL.exe /c /ZI /nologo /W3 /WX- /Od /Oy- /D WIN32 /D _DEBUG /D _CONSOLE /D _UNICODE /D UNICODE /Gm /EHsc /RTC1 /MDd /GS /fp:precise /Zc:wchar_t /Zc:forScope /Zc:inline /Fo"Debug\\" /Fd"Debug\vc140.pdb" /Gd /TC /analyze- /errorReport:prompt main.c
         main.c
     1>e:\cs\visual studio\数据库实验四\数据库实验四\main.c(740): warning C4098: “Linear_Search”:“void”函数返回值
     1>e:\cs\visual studio\数据库实验四\数据库实验四\main.c(752): warning C4098: “Linear_Search”:“void”函数返回值
     1>e:\cs\visual studio\数据库实验四\数据库实验四\main.c(766): warning C4098: “Linear_Search”:“void”函数返回值
     1>e:\cs\visual studio\数据库实验四\数据库实验四\main.c(788): warning C4098: “Linear_Search”:“void”函数返回值
     1>e:\cs\visual studio\数据库实验四\数据库实验四\main.c(802): warning C4098: “Linear_Search”:“void”函数返回值
     1>e:\cs\visual studio\数据库实验四\数据库实验四\main.c(826): warning C4098: “Linear_Search”:“void”函数返回值
     1>e:\cs\visual studio\数据库实验四\数据库实验四\main.c(841): warning C4098: “Binary_Search”:“void”函数返回值
     1>e:\cs\visual studio\数据库实验四\数据库实验四\main.c(858): warning C4098: “Binary_Search”:“void”函数返回值
     1>e:\cs\visual studio\数据库实验四\数据库实验四\main.c(874): warning C4098: “Binary_Search”:“void”函数返回值
     1>e:\cs\visual studio\数据库实验四\数据库实验四\main.c(891): warning C4098: “Binary_Search”:“void”函数返回值
     1>e:\cs\visual studio\数据库实验四\数据库实验四\main.c(931): warning C4098: “Binary_Search”:“void”函数返回值
     1>e:\cs\visual studio\数据库实验四\数据库实验四\main.c(948): warning C4098: “Binary_Search”:“void”函数返回值
     1>e:\cs\visual studio\数据库实验四\数据库实验四\main.c(970): warning C4098: “Binary_Search”:“void”函数返回值
     1>e:\cs\visual studio\数据库实验四\数据库实验四\main.c(978): warning C4047: “=”:“int”与“int *”的间接级别不同
     1>e:\cs\visual studio\数据库实验四\数据库实验四\main.c(986): warning C4098: “Binary_Search”:“void”函数返回值
     1>e:\cs\visual studio\数据库实验四\数据库实验四\main.c(1001): warning C4098: “Binary_Search”:“void”函数返回值
     1>e:\cs\visual studio\数据库实验四\数据库实验四\main.c(1041): warning C4098: “Binary_Search”:“void”函数返回值
     1>e:\cs\visual studio\数据库实验四\数据库实验四\main.c(1058): warning C4098: “Binary_Search”:“void”函数返回值
     1>e:\cs\visual studio\数据库实验四\数据库实验四\main.c(1076): warning C4098: “Binary_Search”:“void”函数返回值
     1>e:\cs\visual studio\数据库实验四\数据库实验四\main.c(835): warning C4101: “j”: 未引用的局部变量
     1>e:\cs\visual studio\数据库实验四\数据库实验四\main.c(1094): warning C4098: “create_index”:“void”函数返回值
     1>e:\cs\visual studio\数据库实验四\数据库实验四\main.c(1112): warning C4098: “create_index”:“void”函数返回值
     1>e:\cs\visual studio\数据库实验四\数据库实验四\main.c(1150): warning C4098: “create_index”:“void”函数返回值
     1>e:\cs\visual studio\数据库实验四\数据库实验四\main.c(1088): warning C4101: “j”: 未引用的局部变量
     1>e:\cs\visual studio\数据库实验四\数据库实验四\main.c(1166): warning C4098: “Index_Search”:“void”函数返回值
     1>e:\cs\visual studio\数据库实验四\数据库实验四\main.c(1184): warning C4098: “Index_Search”:“void”函数返回值
     1>e:\cs\visual studio\数据库实验四\数据库实验四\main.c(1216): warning C4098: “Index_Search”:“void”函数返回值
     1>e:\cs\visual studio\数据库实验四\数据库实验四\main.c(1228): warning C4098: “Index_Search”:“void”函数返回值
     1>e:\cs\visual studio\数据库实验四\数据库实验四\main.c(1262): warning C4098: “Index_Search”:“void”函数返回值
     1>e:\cs\visual studio\数据库实验四\数据库实验四\main.c(1294): warning C4098: “Index_Search”:“void”函数返回值
     1>e:\cs\visual studio\数据库实验四\数据库实验四\main.c(1306): warning C4098: “Index_Search”:“void”函数返回值
     1>e:\cs\visual studio\数据库实验四\数据库实验四\main.c(1337): warning C4098: “Index_Search”:“void”函数返回值
     1>e:\cs\visual studio\数据库实验四\数据库实验四\main.c(1159): warning C4101: “index_blk”: 未引用的局部变量
     1>e:\cs\visual studio\数据库实验四\数据库实验四\main.c(1353): warning C4098: “Projection”:“void”函数返回值
     1>e:\cs\visual studio\数据库实验四\数据库实验四\main.c(1367): warning C4098: “Projection”:“void”函数返回值
     1>e:\cs\visual studio\数据库实验四\数据库实验四\main.c(1378): warning C4098: “Projection”:“void”函数返回值
     1>e:\cs\visual studio\数据库实验四\数据库实验四\main.c(1398): warning C4098: “Projection”:“void”函数返回值
     1>e:\cs\visual studio\数据库实验四\数据库实验四\main.c(1410): warning C4098: “Nest_Loop_Join”:“void”函数返回值
     1>e:\cs\visual studio\数据库实验四\数据库实验四\main.c(1432): warning C4098: “Nest_Loop_Join”:“void”函数返回值
     1>e:\cs\visual studio\数据库实验四\数据库实验四\main.c(1448): warning C4098: “Nest_Loop_Join”:“void”函数返回值
     1>e:\cs\visual studio\数据库实验四\数据库实验四\main.c(1465): warning C4098: “Nest_Loop_Join”:“void”函数返回值
     1>e:\cs\visual studio\数据库实验四\数据库实验四\main.c(1503): warning C4098: “Nest_Loop_Join”:“void”函数返回值
     1>e:\cs\visual studio\数据库实验四\数据库实验四\main.c(1522): warning C4098: “Sort_Merge_Join”:“void”函数返回值
     1>e:\cs\visual studio\数据库实验四\数据库实验四\main.c(1537): warning C4098: “Sort_Merge_Join”:“void”函数返回值
     1>e:\cs\visual studio\数据库实验四\数据库实验四\main.c(1542): warning C4098: “Sort_Merge_Join”:“void”函数返回值
     1>e:\cs\visual studio\数据库实验四\数据库实验四\main.c(1565): warning C4098: “Sort_Merge_Join”:“void”函数返回值
     1>e:\cs\visual studio\数据库实验四\数据库实验四\main.c(1576): warning C4098: “Sort_Merge_Join”:“void”函数返回值
     1>e:\cs\visual studio\数据库实验四\数据库实验四\main.c(1623): warning C4098: “Sort_Merge_Join”:“void”函数返回值
     1>e:\cs\visual studio\数据库实验四\数据库实验四\main.c(1647): warning C4098: “Sort_Merge_Join”:“void”函数返回值
     1>e:\cs\visual studio\数据库实验四\数据库实验四\main.c(1656): warning C4098: “Sort_Merge_Join”:“void”函数返回值
     1>e:\cs\visual studio\数据库实验四\数据库实验四\main.c(1670): warning C4098: “Sort_Merge_Join”:“void”函数返回值
     1>e:\cs\visual studio\数据库实验四\数据库实验四\main.c(1686): warning C4098: “Sort_Merge_Join”:“void”函数返回值
     1>e:\cs\visual studio\数据库实验四\数据库实验四\main.c(1702): warning C4098: “Sort_Merge_Join”:“void”函数返回值
     1>e:\cs\visual studio\数据库实验四\数据库实验四\main.c(1515): warning C4101: “k”: 未引用的局部变量
     1>e:\cs\visual studio\数据库实验四\数据库实验四\main.c(1515): warning C4101: “j”: 未引用的局部变量
     1>e:\cs\visual studio\数据库实验四\数据库实验四\main.c(1718): warning C4098: “Hash_Join”:“void”函数返回值
     1>e:\cs\visual studio\数据库实验四\数据库实验四\main.c(1737): warning C4098: “Hash_Join”:“void”函数返回值
     1>e:\cs\visual studio\数据库实验四\数据库实验四\main.c(1748): warning C4098: “Hash_Join”:“void”函数返回值
     1>e:\cs\visual studio\数据库实验四\数据库实验四\main.c(1761): warning C4098: “Hash_Join”:“void”函数返回值
     1>e:\cs\visual studio\数据库实验四\数据库实验四\main.c(1790): warning C4098: “Hash_Join”:“void”函数返回值
     1>e:\cs\visual studio\数据库实验四\数据库实验四\main.c(1807): warning C4098: “Union”:“void”函数返回值
     1>e:\cs\visual studio\数据库实验四\数据库实验四\main.c(1822): warning C4098: “Union”:“void”函数返回值
     1>e:\cs\visual studio\数据库实验四\数据库实验四\main.c(1837): warning C4098: “Union”:“void”函数返回值
     1>e:\cs\visual studio\数据库实验四\数据库实验四\main.c(1869): warning C4098: “Union”:“void”函数返回值
     1>e:\cs\visual studio\数据库实验四\数据库实验四\main.c(1881): warning C4098: “Union”:“void”函数返回值
     1>e:\cs\visual studio\数据库实验四\数据库实验四\main.c(1903): warning C4098: “Union”:“void”函数返回值
     1>e:\cs\visual studio\数据库实验四\数据库实验四\main.c(1926): warning C4098: “Union”:“void”函数返回值
     1>e:\cs\visual studio\数据库实验四\数据库实验四\main.c(1942): warning C4098: “Intersection”:“void”函数返回值
     1>e:\cs\visual studio\数据库实验四\数据库实验四\main.c(1957): warning C4098: “Intersection”:“void”函数返回值
     1>e:\cs\visual studio\数据库实验四\数据库实验四\main.c(1969): warning C4098: “Intersection”:“void”函数返回值
     1>e:\cs\visual studio\数据库实验四\数据库实验四\main.c(1991): warning C4098: “Intersection”:“void”函数返回值
     1>e:\cs\visual studio\数据库实验四\数据库实验四\main.c(2014): warning C4098: “Intersection”:“void”函数返回值
     1>e:\cs\visual studio\数据库实验四\数据库实验四\main.c(2031): warning C4098: “Difference”:“void”函数返回值
     1>e:\cs\visual studio\数据库实验四\数据库实验四\main.c(2045): warning C4098: “Difference”:“void”函数返回值
     1>e:\cs\visual studio\数据库实验四\数据库实验四\main.c(2057): warning C4098: “Difference”:“void”函数返回值
     1>e:\cs\visual studio\数据库实验四\数据库实验四\main.c(2079): warning C4098: “Difference”:“void”函数返回值
     1>e:\cs\visual studio\数据库实验四\数据库实验四\main.c(2102): warning C4098: “Difference”:“void”函数返回值
     1>e:\cs\visual studio\数据库实验四\数据库实验四\main.c(2109): warning C4244: “函数”: 从“time_t”转换到“unsigned int”，可能丢失数据
     1>e:\cs\visual studio\数据库实验四\数据库实验四\main.c(2114): warning C4996: 'scanf': This function or variable may be unsafe. Consider using scanf_s instead. To disable deprecation, use _CRT_SECURE_NO_WARNINGS. See online help for details.
         c:\program files (x86)\windows kits\10\include\10.0.10150.0\ucrt\stdio.h(1270): note: 参见“scanf”的声明
     1>e:\cs\visual studio\数据库实验四\数据库实验四\main.c(2157): warning C4996: 'scanf': This function or variable may be unsafe. Consider using scanf_s instead. To disable deprecation, use _CRT_SECURE_NO_WARNINGS. See online help for details.
         c:\program files (x86)\windows kits\10\include\10.0.10150.0\ucrt\stdio.h(1270): note: 参见“scanf”的声明
     1>e:\cs\visual studio\数据库实验四\数据库实验四\main.c(203): warning C4715: “readRelation”: 不是所有的控件路径都返回值
     1>e:\cs\visual studio\数据库实验四\数据库实验四\main.c(245): warning C4715: “readProjection”: 不是所有的控件路径都返回值
     1>e:\cs\visual studio\数据库实验四\数据库实验四\main.c(287): warning C4715: “readJoin”: 不是所有的控件路径都返回值
     1>e:\cs\visual studio\数据库实验四\数据库实验四\main.c(319): warning C4715: “readIndex”: 不是所有的控件路径都返回值
     1>e:\cs\visual studio\数据库实验四\数据库实验四\main.c(709): warning C4715: “Hash”: 不是所有的控件路径都返回值
     1>e:\cs\visual studio\数据库实验四\数据库实验四\main.c(628): warning C4715: “Merge_Sort”: 不是所有的控件路径都返回值
       Link:
         E:\CS\2010\VC\bin\link.exe /ERRORREPORT:PROMPT /OUT:"E:\CS\Visual Studio\数据库实验四\Debug\数据库实验四.exe" /INCREMENTAL /NOLOGO kernel32.lib user32.lib gdi32.lib winspool.lib comdlg32.lib advapi32.lib shell32.lib ole32.lib oleaut32.lib uuid.lib odbc32.lib odbccp32.lib /MANIFEST /MANIFESTUAC:"level='asInvoker' uiAccess='false'" /manifest:embed /Debug /PDB:"E:\CS\Visual Studio\数据库实验四\Debug\数据库实验四.pdb" /SUBSYSTEM:CONSOLE /TLBID:1 /DYNAMICBASE /NXCOMPAT /IMPLIB:"E:\CS\Visual Studio\数据库实验四\Debug\数据库实验四.lib" /MACHINE:X86 Debug\extmem.obj
         Debug\main.obj
         数据库实验四.vcxproj -> E:\CS\Visual Studio\数据库实验四\Debug\数据库实验四.exe
     1>已完成生成项目“E:\CS\Visual Studio\数据库实验四\数据库实验四\数据库实验四.vcxproj”(Build 个目标)的操作。

已成功生成。

已用时间 00:00:00.53
